log MSE loss (train set)	
-2.7648e+00	
-3.6312e+00	
-3.8782e+00	
-3.4622e+00	
-3.2255e+00	
-3.7241e+00	
-2.8761e+00	
-3.8986e+00	
-3.2417e+00	
-3.5555e+00	
-4.6858e+00	
-3.1025e+00	
-3.9840e+00	
-2.8414e+00	
-3.2805e+00	
-3.4593e+00	
-3.6924e+00	
-3.4761e+00	
-3.7319e+00	
-3.2195e+00	
-4.4627e+00	
-3.3876e+00	
-3.3105e+00	
-3.2696e+00	
-3.7114e+00	
-2.9300e+00	
-2.8690e+00	
-4.3933e+00	
-3.0863e+00	
-3.6881e+00	
-3.4141e+00	
-3.6048e+00	
-2.9355e+00	
-3.7917e+00	
-3.4541e+00	
-3.4743e+00	
-3.6913e+00	
-3.4984e+00	
-3.4200e+00	
-3.9067e+00	
-3.3825e+00	
-3.1657e+00	
-3.3433e+00	
-3.4297e+00	
-3.5059e+00	
-3.2943e+00	
-3.1179e+00	
-5.2168e+00	
-4.5138e+00	
-4.6320e+00	
-3.9929e+00	
-3.2941e+00	
-3.4146e+00	
-3.5022e+00	
-3.2668e+00	
-2.8970e+00	
-3.4902e+00	
-3.6322e+00	
-3.4278e+00	
-3.1497e+00	
-3.6712e+00	
-3.7087e+00	
-3.5902e+00	
-3.2499e+00	
-3.3739e+00	
-3.2093e+00	
-3.7058e+00	
-3.6083e+00	
-3.8954e+00	
-3.0961e+00	
-2.9901e+00	
-3.3261e+00	
-3.5365e+00	
-3.7377e+00	
-3.2977e+00	
-3.7716e+00	
-4.1188e+00	
-3.8083e+00	
-3.5544e+00	
-3.5979e+00	
-3.6552e+00	
-3.7201e+00	
-3.5174e+00	
-3.9422e+00	
-3.7205e+00	
-3.7348e+00	
-3.6232e+00	
-3.6544e+00	
-3.7021e+00	
-3.9646e+00	
-3.5262e+00	
-3.6802e+00	
-3.8085e+00	
-3.8434e+00	
-3.0702e+00	
-3.2207e+00	
-3.2665e+00	
-3.9456e+00	
-3.6138e+00	
-3.8520e+00	
-3.1329e+00	
-3.9924e+00	
-4.9869e+00	
-3.3588e+00	
-3.6108e+00	
-3.2717e+00	
-4.5623e+00	
-4.2984e+00	
-3.6803e+00	
-3.8379e+00	
-4.4516e+00	
-4.0711e+00	
-4.1856e+00	
-4.0178e+00	
-3.4070e+00	
-3.4067e+00	
-3.8914e+00	
-3.8494e+00	
-3.1792e+00	
-3.6734e+00	
-4.4389e+00	
-4.1203e+00	
-4.1963e+00	
-4.0500e+00	
-4.1753e+00	
-3.6810e+00	
-4.2798e+00	
-3.3502e+00	
-3.5980e+00	
-4.7743e+00	
-4.0878e+00	
-3.6438e+00	
-4.0914e+00	
-4.3887e+00	
-3.3762e+00	
-3.8881e+00	
-4.5745e+00	
-4.1890e+00	
-4.1086e+00	
-4.8076e+00	
-3.6090e+00	
-5.4828e+00	
-4.7185e+00	
-3.8897e+00	
-4.4985e+00	
-5.7939e+00	
-4.6585e+00	
-5.2365e+00	
-6.0452e+00	
-5.8813e+00	
-6.0150e+00	
-4.5478e+00	
-5.0510e+00	
-4.6302e+00	
-5.2520e+00	
-3.7781e+00	
-4.8282e+00	
-3.8270e+00	
-4.4265e+00	
-4.0003e+00	
-4.3954e+00	
-4.4476e+00	
-3.8256e+00	
-4.4495e+00	
-3.3357e+00	
-4.7296e+00	
-4.6273e+00	
-4.4531e+00	
-4.5364e+00	
-4.5652e+00	
-4.6337e+00	
-4.9193e+00	
-4.5786e+00	
-4.9926e+00	
-5.3434e+00	
-4.8774e+00	
-4.9480e+00	
-5.1598e+00	
-4.9071e+00	
-4.1221e+00	
-4.3310e+00	
-5.1300e+00	
-4.5207e+00	
-4.9486e+00	
-4.7161e+00	
-5.3080e+00	
-4.1774e+00	
-5.2258e+00	
-5.7298e+00	
-5.2944e+00	
-3.9428e+00	
-4.2205e+00	
-4.2330e+00	
-3.6422e+00	
-6.0033e+00	
-4.3498e+00	
-3.4080e+00	
-4.3547e+00	
-3.8217e+00	
-4.6635e+00	
