Angular Velocity Error	Cosine Difference	Magnitude Difference	Velocity Error	Timesteps	MSE Error	
 2.1538e-12	 9.2387e-01	 1.1297e-01	 5.8124e-03	 1.0000e+00	 3.8749e-03	
 1.8412e-12	 8.6076e-01	 1.8791e-01	 1.0380e-02	 2.0000e+00	 6.9201e-03	
 1.9117e-12	 7.9759e-01	 2.5019e-01	 1.5098e-02	 3.0000e+00	 1.0065e-02	
 1.9500e-12	 7.4017e-01	 3.0348e-01	 1.9794e-02	 4.0000e+00	 1.3196e-02	
 1.9182e-12	 6.8335e-01	 3.5411e-01	 2.4404e-02	 5.0000e+00	 1.6269e-02	
 2.0055e-12	 6.2962e-01	 3.9770e-01	 2.8954e-02	 6.0000e+00	 1.9303e-02	
 2.2933e-12	 5.7849e-01	 4.3513e-01	 3.3109e-02	 7.0000e+00	 2.2073e-02	
 4.5104e-12	 5.3314e-01	 4.6855e-01	 3.6855e-02	 8.0000e+00	 2.4570e-02	
 6.4466e-12	 4.8799e-01	 5.0004e-01	 4.0495e-02	 9.0000e+00	 2.6996e-02	
 8.3206e-12	 4.4664e-01	 5.3054e-01	 4.4028e-02	 1.0000e+01	 2.9352e-02	
 1.0436e-11	 4.0810e-01	 5.5336e-01	 4.7275e-02	 1.1000e+01	 3.1517e-02	
 1.2502e-11	 3.7150e-01	 5.7878e-01	 5.0555e-02	 1.2000e+01	 3.3704e-02	
 1.6316e-11	 3.3988e-01	 5.9940e-01	 5.3305e-02	 1.3000e+01	 3.5536e-02	
 2.1632e-11	 3.1003e-01	 6.2182e-01	 5.6049e-02	 1.4000e+01	 3.7366e-02	
 2.1878e-11	 2.8108e-01	 6.3938e-01	 5.8642e-02	 1.5000e+01	 3.9094e-02	
 2.8279e-11	 2.5553e-01	 6.5675e-01	 6.1010e-02	 1.6000e+01	 4.0673e-02	
 3.8797e-11	 2.3328e-01	 6.7447e-01	 6.3182e-02	 1.7000e+01	 4.2121e-02	
 5.3829e-11	 2.1372e-01	 6.8975e-01	 6.4960e-02	 1.8000e+01	 4.3307e-02	
 6.7883e-11	 1.9794e-01	 7.0478e-01	 6.6463e-02	 1.9000e+01	 4.4309e-02	
 8.0876e-11	 1.8163e-01	 7.1328e-01	 6.8288e-02	 2.0000e+01	 4.5525e-02	
 9.0484e-11	 1.6843e-01	 7.2399e-01	 6.9920e-02	 2.1000e+01	 4.6614e-02	
 9.3832e-11	 1.5669e-01	 7.3479e-01	 7.1460e-02	 2.2000e+01	 4.7640e-02	
 8.8338e-11	 1.4590e-01	 7.4786e-01	 7.2980e-02	 2.3000e+01	 4.8653e-02	
 1.0124e-10	 1.3713e-01	 7.5961e-01	 7.4327e-02	 2.4000e+01	 4.9552e-02	
 1.0989e-10	 1.2772e-01	 7.6547e-01	 7.5962e-02	 2.5000e+01	 5.0641e-02	
 1.1483e-10	 1.1958e-01	 7.7244e-01	 7.7399e-02	 2.6000e+01	 5.1600e-02	
 1.2500e-10	 1.1408e-01	 7.8304e-01	 7.8572e-02	 2.7000e+01	 5.2381e-02	
 1.3520e-10	 1.0894e-01	 7.9231e-01	 7.9710e-02	 2.8000e+01	 5.3140e-02	
 1.4587e-10	 1.0398e-01	 8.0434e-01	 8.1086e-02	 2.9000e+01	 5.4058e-02	
 1.4606e-10	 9.9641e-02	 8.1367e-01	 8.2303e-02	 3.0000e+01	 5.4869e-02	
 1.5796e-10	 9.5401e-02	 8.2462e-01	 8.3374e-02	 3.1000e+01	 5.5583e-02	
 1.6431e-10	 8.9725e-02	 8.3375e-01	 8.4839e-02	 3.2000e+01	 5.6559e-02	
 1.8522e-10	 8.4994e-02	 8.4539e-01	 8.6258e-02	 3.3000e+01	 5.7505e-02	
 1.6170e-10	 8.1001e-02	 8.5561e-01	 8.7681e-02	 3.4000e+01	 5.8454e-02	
 1.5763e-10	 7.7035e-02	 8.6454e-01	 8.9132e-02	 3.5000e+01	 5.9421e-02	
 1.5710e-10	 7.4708e-02	 8.7821e-01	 9.0487e-02	 3.6000e+01	 6.0324e-02	
 1.4034e-10	 6.9584e-02	 8.8813e-01	 9.2110e-02	 3.7000e+01	 6.1407e-02	
 1.3766e-10	 6.7159e-02	 9.0282e-01	 9.3689e-02	 3.8000e+01	 6.2459e-02	
 1.8737e-10	 6.2698e-02	 9.1400e-01	 9.5485e-02	 3.9000e+01	 6.3657e-02	
 1.8644e-10	 5.9619e-02	 9.3527e-01	 9.7155e-02	 4.0000e+01	 6.4770e-02	
 1.6722e-10	 5.6416e-02	 9.4588e-01	 9.8912e-02	 4.1000e+01	 6.5942e-02	
 1.6859e-10	 5.3860e-02	 9.6518e-01	 1.0064e-01	 4.2000e+01	 6.7092e-02	
 1.8993e-10	 5.0475e-02	 9.8321e-01	 1.0262e-01	 4.3000e+01	 6.8416e-02	
 1.9219e-10	 4.8969e-02	 1.0005e+00	 1.0449e-01	 4.4000e+01	 6.9663e-02	
 1.5073e-10	 4.5487e-02	 1.0197e+00	 1.0681e-01	 4.5000e+01	 7.1207e-02	
 1.7030e-10	 4.3269e-02	 1.0420e+00	 1.0916e-01	 4.6000e+01	 7.2776e-02	
 1.8769e-10	 4.1121e-02	 1.0804e+00	 1.1159e-01	 4.7000e+01	 7.4395e-02	
 1.8094e-10	 3.8010e-02	 1.1025e+00	 1.1434e-01	 4.8000e+01	 7.6227e-02	
 1.9304e-10	 3.5720e-02	 1.1211e+00	 1.1715e-01	 4.9000e+01	 7.8103e-02	
 1.7004e-10	 3.3854e-02	 1.1529e+00	 1.2019e-01	 5.0000e+01	 8.0125e-02	
 1.5581e-10	 3.3052e-02	 1.1858e+00	 1.2323e-01	 5.1000e+01	 8.2152e-02	
 1.1508e-10	 3.1172e-02	 1.2117e+00	 1.2649e-01	 5.2000e+01	 8.4325e-02	
 1.1676e-10	 2.9310e-02	 1.2480e+00	 1.2994e-01	 5.3000e+01	 8.6625e-02	
 1.0680e-10	 2.7126e-02	 1.2778e+00	 1.3403e-01	 5.4000e+01	 8.9352e-02	
 1.1661e-10	 2.4344e-02	 1.3143e+00	 1.3824e-01	 5.5000e+01	 9.2162e-02	
 1.1507e-10	 2.2889e-02	 1.3406e+00	 1.4272e-01	 5.6000e+01	 9.5148e-02	
 1.1982e-10	 2.1980e-02	 1.3760e+00	 1.4764e-01	 5.7000e+01	 9.8424e-02	
 1.2756e-10	 1.9716e-02	 1.4245e+00	 1.5285e-01	 5.8000e+01	 1.0190e-01	
