log MSE loss (train set)	
-2.2858e+00	
-2.9978e+00	
-1.9363e+00	
-2.1001e+00	
-2.5117e+00	
-1.9305e+00	
-2.1757e+00	
-2.6561e+00	
-2.7662e+00	
-2.8781e+00	
-1.8568e+00	
-2.5896e+00	
-2.9441e+00	
-2.8961e+00	
-2.6495e+00	
-2.5505e+00	
-2.0494e+00	
-2.8464e+00	
-2.2323e+00	
-2.9902e+00	
-2.4908e+00	
-3.2278e+00	
-3.2080e+00	
-2.4344e+00	
-2.6354e+00	
-3.8635e+00	
-2.5445e+00	
-3.4963e+00	
-3.2841e+00	
-2.8050e+00	
-3.3925e+00	
-3.1208e+00	
-2.3437e+00	
-2.6982e+00	
-2.9853e+00	
-3.0619e+00	
-2.3805e+00	
-2.8489e+00	
-2.3350e+00	
-2.6215e+00	
-2.8821e+00	
-2.6629e+00	
-3.7275e+00	
-2.2813e+00	
-3.1008e+00	
-2.7160e+00	
-2.9175e+00	
-3.8825e+00	
-3.9915e+00	
-4.0656e+00	
-2.5589e+00	
-2.5535e+00	
-2.1895e+00	
-2.7230e+00	
-2.4425e+00	
-3.4441e+00	
-2.0494e+00	
-2.2889e+00	
-2.4581e+00	
-2.9490e+00	
-2.6184e+00	
-3.6920e+00	
-2.1825e+00	
-3.2738e+00	
-3.7774e+00	
-2.4132e+00	
-2.3845e+00	
-3.1332e+00	
-2.7566e+00	
-3.0595e+00	
-2.8884e+00	
-3.2290e+00	
-3.1732e+00	
-2.1738e+00	
-2.9048e+00	
-2.2636e+00	
-2.3192e+00	
-3.4840e+00	
-2.0808e+00	
-2.5166e+00	
-2.7860e+00	
-3.7356e+00	
-1.8628e+00	
-2.4742e+00	
-2.1426e+00	
-2.4874e+00	
-3.1657e+00	
-3.3437e+00	
-2.1247e+00	
-2.7339e+00	
-2.5484e+00	
-2.2379e+00	
-2.6519e+00	
-2.8258e+00	
-2.6821e+00	
-3.5701e+00	
-3.5763e+00	
-2.5149e+00	
-2.6313e+00	
-2.6430e+00	
-3.0478e+00	
-2.8959e+00	
-1.9312e+00	
-2.9048e+00	
-3.8274e+00	
-1.9901e+00	
-2.8424e+00	
-2.4905e+00	
-4.0299e+00	
-2.7230e+00	
-2.2693e+00	
-2.7008e+00	
-3.4581e+00	
-3.4746e+00	
-2.7541e+00	
-3.0372e+00	
-2.7800e+00	
-3.0941e+00	
-4.1772e+00	
-2.3463e+00	
-2.6232e+00	
-2.2948e+00	
-2.4943e+00	
-2.3962e+00	
-2.6508e+00	
-3.9146e+00	
-3.5169e+00	
-2.8446e+00	
-2.9094e+00	
-2.6682e+00	
-4.0137e+00	
-3.0411e+00	
-3.1946e+00	
-3.0463e+00	
-1.9680e+00	
-3.5201e+00	
-4.4478e+00	
-2.7488e+00	
-2.7082e+00	
-2.8857e+00	
-3.1772e+00	
-2.9062e+00	
-2.9756e+00	
-3.0595e+00	
-3.9237e+00	
-2.8080e+00	
-3.1128e+00	
-3.0148e+00	
-2.2520e+00	
-2.7508e+00	
-3.0258e+00	
-3.0441e+00	
-2.5991e+00	
-3.2509e+00	
-3.0176e+00	
-2.6282e+00	
-2.9308e+00	
-3.1830e+00	
-2.4440e+00	
-4.5277e+00	
-3.5566e+00	
-3.7201e+00	
-3.1641e+00	
-3.1579e+00	
-2.6289e+00	
-4.9585e+00	
-2.3550e+00	
-3.1746e+00	
-3.8809e+00	
-2.9991e+00	
-4.6390e+00	
-3.1492e+00	
-2.8816e+00	
-3.4864e+00	
-3.0361e+00	
-2.9429e+00	
-4.5848e+00	
-3.0163e+00	
-3.3829e+00	
-3.9249e+00	
-2.6926e+00	
-3.5594e+00	
-3.7185e+00	
-2.2487e+00	
-3.5857e+00	
-3.4144e+00	
-2.9407e+00	
-2.3246e+00	
-4.6549e+00	
-3.7229e+00	
-3.7730e+00	
-3.2068e+00	
-3.4108e+00	
-3.1937e+00	
-3.7522e+00	
-3.4556e+00	
-2.9121e+00	
-3.2282e+00	
-4.6383e+00	
-4.1031e+00	
-4.0124e+00	
-4.4752e+00	
-3.5974e+00	
-3.3383e+00	
-3.2717e+00	
-2.7653e+00	
-2.3206e+00	
-3.4905e+00	
-4.0263e+00	
-3.8616e+00	
-5.1347e+00	
-5.0681e+00	
-5.5656e+00	
-3.3768e+00	
-5.3118e+00	
-4.1635e+00	
-3.8511e+00	
-4.9152e+00	
-4.6069e+00	
-2.3756e+00	
-4.0793e+00	
-2.9214e+00	
-3.4437e+00	
-3.8526e+00	
-5.6765e+00	
-3.6357e+00	
-2.4856e+00	
-3.5295e+00	
-3.5865e+00	
-3.4163e+00	
-3.3533e+00	
-3.4906e+00	
-5.0474e+00	
-5.2232e+00	
-4.6721e+00	
-3.2466e+00	
-4.2174e+00	
-3.9181e+00	
-5.0918e+00	
-3.4225e+00	
-3.2543e+00	
-4.6131e+00	
-3.4614e+00	
-3.4601e+00	
-5.5254e+00	
-2.2858e+00	
-4.9990e+00	
-3.2597e+00	
-3.0496e+00	
-2.3730e+00	
-4.6503e+00	
-2.4262e+00	
-5.4244e+00	
-5.0385e+00	
-3.0013e+00	
-3.6208e+00	
-5.0052e+00	
-3.5084e+00	
-3.7922e+00	
-5.0191e+00	
-4.3645e+00	
-5.6684e+00	
-2.9621e+00	
-3.3787e+00	
-3.5201e+00	
-4.8033e+00	
-3.5014e+00	
-3.5525e+00	
-3.1374e+00	
-3.2910e+00	
-4.9633e+00	
-3.2115e+00	
-2.3232e+00	
-4.7899e+00	
-5.8444e+00	
-3.6791e+00	
-3.5504e+00	
-5.8101e+00	
-4.2547e+00	
-3.7044e+00	
-6.1624e+00	
-4.5573e+00	
-4.2773e+00	
-4.0132e+00	
-3.6045e+00	
-3.8338e+00	
-2.8983e+00	
-3.8516e+00	
-2.5635e+00	
-5.7279e+00	
-2.4335e+00	
-3.4279e+00	
-2.9596e+00	
-3.6648e+00	
-5.0650e+00	
-3.0636e+00	
-4.7091e+00	
-2.6152e+00	
-5.1176e+00	
-4.7731e+00	
-3.5462e+00	
-4.3917e+00	
-2.7202e+00	
-4.7423e+00	
-3.8095e+00	
-6.2249e+00	
-3.3688e+00	
-4.3735e+00	
-3.0870e+00	
-5.0818e+00	
-4.9946e+00	
-3.2815e+00	
-3.3252e+00	
-3.3152e+00	
-3.4135e+00	
-4.7068e+00	
-4.9684e+00	
-3.8596e+00	
-4.2524e+00	
-2.6589e+00	
-4.2591e+00	
-2.6654e+00	
-4.0996e+00	
-2.8982e+00	
-4.9358e+00	
-2.7621e+00	
-3.0331e+00	
-4.2403e+00	
-2.8386e+00	
-3.1467e+00	
-2.9961e+00	
-3.6017e+00	
-5.5862e+00	
-3.6856e+00	
-5.1049e+00	
-3.9386e+00	
-4.8136e+00	
-4.9200e+00	
-2.2951e+00	
-5.0356e+00	
-2.3755e+00	
-2.4209e+00	
-3.5928e+00	
-2.9991e+00	
-3.4625e+00	
-2.7360e+00	
-3.6594e+00	
-3.8764e+00	
-4.8574e+00	
-3.0419e+00	
-2.5704e+00	
-3.8353e+00	
-5.3395e+00	
-3.4764e+00	
-4.3265e+00	
-3.3500e+00	
-4.6500e+00	
-2.9401e+00	
-4.7830e+00	
-5.2070e+00	
-3.5762e+00	
-4.0041e+00	
-3.8501e+00	
-5.0178e+00	
-5.5825e+00	
-2.9608e+00	
-5.6632e+00	
-3.9355e+00	
-4.9043e+00	
-3.0151e+00	
-6.8585e+00	
-5.4514e+00	
-3.0946e+00	
-4.0848e+00	
-5.1325e+00	
-4.0711e+00	
-3.1022e+00	
-3.6232e+00	
-4.1066e+00	
-2.4314e+00	
-3.3531e+00	
-3.4700e+00	
-4.4294e+00	
-2.4659e+00	
-4.0982e+00	
-2.6691e+00	
-2.6973e+00	
-2.7318e+00	
-5.0581e+00	
-2.8260e+00	
-3.3664e+00	
-4.6881e+00	
-3.3913e+00	
-5.7561e+00	
-3.3512e+00	
-3.9265e+00	
-3.5406e+00	
-3.0366e+00	
-3.1222e+00	
-2.2859e+00	
